Flow report for SHT_cyclone4
Mon May 06 11:47:04 2019
Quartus Prime Version 18.1.0 Build 625 09/12/2018 SJ Lite Edition


---------------------
; Table of Contents ;
---------------------
  1. Legal Notice
  2. Flow Summary
  3. Flow Settings
  4. Flow Non-Default Global Settings
  5. Flow Elapsed Time
  6. Flow OS Summary
  7. Flow Log
  8. Flow Messages
  9. Flow Suppressed Messages



----------------
; Legal Notice ;
----------------
Copyright (C) 2018  Intel Corporation. All rights reserved.
Your use of Intel Corporation's design tools, logic functions 
and other software and tools, and its AMPP partner logic 
functions, and any output files from any of the foregoing 
(including device programming or simulation files), and any 
associated documentation or information are expressly subject 
to the terms and conditions of the Intel Program License 
Subscription Agreement, the Intel Quartus Prime License Agreement,
the Intel FPGA IP License Agreement, or other applicable license
agreement, including, without limitation, that your use is for
the sole purpose of programming logic devices manufactured by
Intel and sold by Intel or its authorized distributors.  Please
refer to the applicable agreement for further details.



+----------------------------------------------------------------------------------+
; Flow Summary                                                                     ;
+------------------------------------+---------------------------------------------+
; Flow Status                        ; Successful - Mon May 06 11:47:04 2019       ;
; Quartus Prime Version              ; 18.1.0 Build 625 09/12/2018 SJ Lite Edition ;
; Revision Name                      ; SHT_cyclone4                                ;
; Top-level Entity Name              ; SHT                                         ;
; Family                             ; Cyclone IV E                                ;
; Device                             ; EP4CE22F17C6                                ;
; Timing Models                      ; Final                                       ;
; Total logic elements               ; 1,198 / 22,320 ( 5 % )                      ;
;     Total combinational functions  ; 693 / 22,320 ( 3 % )                        ;
;     Dedicated logic registers      ; 948 / 22,320 ( 4 % )                        ;
; Total registers                    ; 948                                         ;
; Total pins                         ; 21 / 154 ( 14 % )                           ;
; Total virtual pins                 ; 0                                           ;
; Total memory bits                  ; 442,368 / 608,256 ( 73 % )                  ;
; Embedded Multiplier 9-bit elements ; 0 / 132 ( 0 % )                             ;
; Total PLLs                         ; 0 / 4 ( 0 % )                               ;
+------------------------------------+---------------------------------------------+


+-----------------------------------------+
; Flow Settings                           ;
+-------------------+---------------------+
; Option            ; Setting             ;
+-------------------+---------------------+
; Start date & time ; 05/06/2019 11:45:52 ;
; Main task         ; Compilation         ;
; Revision Name     ; SHT_cyclone4        ;
+-------------------+---------------------+


+------------------------------------------------------------------------------------------------------------------------------------------------------------------------------------------------------------------+
; Flow Non-Default Global Settings                                                                                                                                                                                 ;
+----------------------------------------+------------------------------------------------------------------------------------------------------------------------+---------------+-------------+------------------+
; Assignment Name                        ; Value                                                                                                                  ; Default Value ; Entity Name ; Section Id       ;
+----------------------------------------+------------------------------------------------------------------------------------------------------------------------+---------------+-------------+------------------+
; COMPILER_SIGNATURE_ID                  ; 207280861605443.155713235104268                                                                                        ; --            ; --          ; --               ;
; EDA_DESIGN_INSTANCE_NAME               ; NA                                                                                                                     ; --            ; --          ; SHT              ;
; EDA_NATIVELINK_SIMULATION_SETUP_SCRIPT ; wave.do                                                                                                                ; --            ; --          ; eda_simulation   ;
; EDA_NATIVELINK_SIMULATION_TEST_BENCH   ; SHT                                                                                                                    ; --            ; --          ; eda_simulation   ;
; EDA_OUTPUT_DATA_FORMAT                 ; Vhdl                                                                                                                   ; --            ; --          ; eda_simulation   ;
; EDA_SIMULATION_TOOL                    ; ModelSim-Altera (VHDL)                                                                                                 ; <None>        ; --          ; --               ;
; EDA_TEST_BENCH_ENABLE_STATUS           ; TEST_BENCH_MODE                                                                                                        ; --            ; --          ; eda_simulation   ;
; EDA_TEST_BENCH_FILE                    ; simulation/modelsim/SHT.vht                                                                                            ; --            ; --          ; SHT              ;
; EDA_TEST_BENCH_MODULE_NAME             ; SHT_vhd_tst                                                                                                            ; --            ; --          ; SHT              ;
; EDA_TEST_BENCH_NAME                    ; SHT                                                                                                                    ; --            ; --          ; eda_simulation   ;
; EDA_TIME_SCALE                         ; 1 ps                                                                                                                   ; --            ; --          ; eda_simulation   ;
; ENABLE_SIGNALTAP                       ; On                                                                                                                     ; --            ; --          ; --               ;
; MAX_CORE_JUNCTION_TEMP                 ; 85                                                                                                                     ; --            ; --          ; --               ;
; MIN_CORE_JUNCTION_TEMP                 ; 0                                                                                                                      ; --            ; --          ; --               ;
; NOMINAL_CORE_SUPPLY_VOLTAGE            ; 1.2V                                                                                                                   ; --            ; --          ; --               ;
; PARTITION_COLOR                        ; -- (Not supported for targeted family)                                                                                 ; --            ; SHT         ; Top              ;
; PARTITION_FITTER_PRESERVATION_LEVEL    ; -- (Not supported for targeted family)                                                                                 ; --            ; SHT         ; Top              ;
; PARTITION_NETLIST_TYPE                 ; -- (Not supported for targeted family)                                                                                 ; --            ; SHT         ; Top              ;
; POWER_BOARD_THERMAL_MODEL              ; None (CONSERVATIVE)                                                                                                    ; --            ; --          ; --               ;
; POWER_PRESET_COOLING_SOLUTION          ; 23 MM HEAT SINK WITH 200 LFPM AIRFLOW                                                                                  ; --            ; --          ; --               ;
; PROJECT_OUTPUT_DIRECTORY               ; output_files                                                                                                           ; --            ; --          ; --               ;
; SLD_FILE                               ; db/stp1_auto_stripped.stp                                                                                              ; --            ; --          ; --               ;
; SLD_NODE_CREATOR_ID                    ; 110                                                                                                                    ; --            ; --          ; auto_signaltap_0 ;
; SLD_NODE_ENTITY_NAME                   ; sld_signaltap                                                                                                          ; --            ; --          ; auto_signaltap_0 ;
; SLD_NODE_PARAMETER_ASSIGNMENT          ; SLD_RAM_BLOCK_TYPE=AUTO                                                                                                ; --            ; --          ; auto_signaltap_0 ;
; SLD_NODE_PARAMETER_ASSIGNMENT          ; SLD_NODE_INFO=805334528                                                                                                ; --            ; --          ; auto_signaltap_0 ;
; SLD_NODE_PARAMETER_ASSIGNMENT          ; SLD_POWER_UP_TRIGGER=0                                                                                                 ; --            ; --          ; auto_signaltap_0 ;
; SLD_NODE_PARAMETER_ASSIGNMENT          ; SLD_STORAGE_QUALIFIER_INVERSION_MASK_LENGTH=0                                                                          ; --            ; --          ; auto_signaltap_0 ;
; SLD_NODE_PARAMETER_ASSIGNMENT          ; SLD_ATTRIBUTE_MEM_MODE=OFF                                                                                             ; --            ; --          ; auto_signaltap_0 ;
; SLD_NODE_PARAMETER_ASSIGNMENT          ; SLD_INCREMENTAL_ROUTING=1                                                                                              ; --            ; --          ; auto_signaltap_0 ;
; SLD_NODE_PARAMETER_ASSIGNMENT          ; SLD_TRIGGER_LEVEL=1                                                                                                    ; --            ; --          ; auto_signaltap_0 ;
; SLD_NODE_PARAMETER_ASSIGNMENT          ; SLD_TRIGGER_PIPELINE=0                                                                                                 ; --            ; --          ; auto_signaltap_0 ;
; SLD_NODE_PARAMETER_ASSIGNMENT          ; SLD_COUNTER_PIPELINE=0                                                                                                 ; --            ; --          ; auto_signaltap_0 ;
; SLD_NODE_PARAMETER_ASSIGNMENT          ; SLD_ADVANCED_TRIGGER_ENTITY=basic,1,                                                                                   ; --            ; --          ; auto_signaltap_0 ;
; SLD_NODE_PARAMETER_ASSIGNMENT          ; SLD_TRIGGER_LEVEL_PIPELINE=1                                                                                           ; --            ; --          ; auto_signaltap_0 ;
; SLD_NODE_PARAMETER_ASSIGNMENT          ; SLD_ENABLE_ADVANCED_TRIGGER=0                                                                                          ; --            ; --          ; auto_signaltap_0 ;
; SLD_NODE_PARAMETER_ASSIGNMENT          ; SLD_RAM_PIPELINE=2                                                                                                     ; --            ; --          ; auto_signaltap_0 ;
; SLD_NODE_PARAMETER_ASSIGNMENT          ; SLD_STATE_FLOW_USE_GENERATED=1                                                                                         ; --            ; --          ; auto_signaltap_0 ;
; SLD_NODE_PARAMETER_ASSIGNMENT          ; SLD_STATE_BITS=2                                                                                                       ; --            ; --          ; auto_signaltap_0 ;
; SLD_NODE_PARAMETER_ASSIGNMENT          ; SLD_STATE_FLOW_MGR_ENTITY=sld_reserved_SHT_cyclone4_auto_signaltap_0_flow_mgr_c90c                                     ; --            ; --          ; auto_signaltap_0 ;
; SLD_NODE_PARAMETER_ASSIGNMENT          ; SLD_BUFFER_FULL_STOP=0                                                                                                 ; --            ; --          ; auto_signaltap_0 ;
; SLD_NODE_PARAMETER_ASSIGNMENT          ; SLD_CURRENT_RESOURCE_WIDTH=0                                                                                           ; --            ; --          ; auto_signaltap_0 ;
; SLD_NODE_PARAMETER_ASSIGNMENT          ; SLD_TRIGGER_IN_ENABLED=1                                                                                               ; --            ; --          ; auto_signaltap_0 ;
; SLD_NODE_PARAMETER_ASSIGNMENT          ; SLD_DATA_BITS=27                                                                                                       ; --            ; --          ; auto_signaltap_0 ;
; SLD_NODE_PARAMETER_ASSIGNMENT          ; SLD_TRIGGER_BITS=27                                                                                                    ; --            ; --          ; auto_signaltap_0 ;
; SLD_NODE_PARAMETER_ASSIGNMENT          ; SLD_STORAGE_QUALIFIER_BITS=27                                                                                          ; --            ; --          ; auto_signaltap_0 ;
; SLD_NODE_PARAMETER_ASSIGNMENT          ; SLD_SEGMENT_SIZE=16384                                                                                                 ; --            ; --          ; auto_signaltap_0 ;
; SLD_NODE_PARAMETER_ASSIGNMENT          ; SLD_SAMPLE_DEPTH=16384                                                                                                 ; --            ; --          ; auto_signaltap_0 ;
; SLD_NODE_PARAMETER_ASSIGNMENT          ; SLD_INVERSION_MASK=000000000000000000000000000000000000000000000000000000000000000000000000000000000000000000000000000 ; --            ; --          ; auto_signaltap_0 ;
; SLD_NODE_PARAMETER_ASSIGNMENT          ; SLD_INVERSION_MASK_LENGTH=99                                                                                           ; --            ; --          ; auto_signaltap_0 ;
; TOP_LEVEL_ENTITY                       ; SHT                                                                                                                    ; SHT_cyclone4  ; --          ; --               ;
; USE_SIGNALTAP_FILE                     ; stp1.stp                                                                                                               ; --            ; --          ; --               ;
; VHDL_INPUT_VERSION                     ; VHDL_2008                                                                                                              ; VHDL_1993     ; --          ; --               ;
; VHDL_SHOW_LMF_MAPPING_MESSAGES         ; Off                                                                                                                    ; --            ; --          ; --               ;
; WEAK_PULL_UP_RESISTOR                  ; On                                                                                                                     ; Off           ; --          ; --               ;
+----------------------------------------+------------------------------------------------------------------------------------------------------------------------+---------------+-------------+------------------+


+--------------------------------------------------------------------------------------------------------------------------+
; Flow Elapsed Time                                                                                                        ;
+----------------------+--------------+-------------------------+---------------------+------------------------------------+
; Module Name          ; Elapsed Time ; Average Processors Used ; Peak Virtual Memory ; Total CPU Time (on all processors) ;
+----------------------+--------------+-------------------------+---------------------+------------------------------------+
; Analysis & Synthesis ; 00:00:41     ; 1.0                     ; 702 MB              ; 00:01:26                           ;
; Partition Merge      ; 00:00:01     ; 1.0                     ; 538 MB              ; 00:00:01                           ;
; Fitter               ; 00:00:11     ; 1.0                     ; 1053 MB             ; 00:00:13                           ;
; Assembler            ; 00:00:03     ; 1.0                     ; 550 MB              ; 00:00:03                           ;
; Timing Analyzer      ; 00:00:03     ; 1.1                     ; 625 MB              ; 00:00:03                           ;
; EDA Netlist Writer   ; 00:00:05     ; 1.0                     ; 530 MB              ; 00:00:06                           ;
; Total                ; 00:01:04     ; --                      ; --                  ; 00:01:52                           ;
+----------------------+--------------+-------------------------+---------------------+------------------------------------+


+-------------------------------------------------------------------------------------+
; Flow OS Summary                                                                     ;
+----------------------+------------------+-------------+------------+----------------+
; Module Name          ; Machine Hostname ; OS Name     ; OS Version ; Processor type ;
+----------------------+------------------+-------------+------------+----------------+
; Analysis & Synthesis ; Suslik           ; Windows 8.1 ; 6.3        ; x86_64         ;
; Partition Merge      ; Suslik           ; Windows 8.1 ; 6.3        ; x86_64         ;
; Fitter               ; Suslik           ; Windows 8.1 ; 6.3        ; x86_64         ;
; Assembler            ; Suslik           ; Windows 8.1 ; 6.3        ; x86_64         ;
; Timing Analyzer      ; Suslik           ; Windows 8.1 ; 6.3        ; x86_64         ;
; EDA Netlist Writer   ; Suslik           ; Windows 8.1 ; 6.3        ; x86_64         ;
+----------------------+------------------+-------------+------------+----------------+


------------
; Flow Log ;
------------
quartus_map --read_settings_files=on --write_settings_files=off SHT_cyclone4 -c SHT_cyclone4
quartus_cdb --read_settings_files=off --write_settings_files=off SHT_cyclone4 -c SHT_cyclone4 --merge=on
quartus_fit --read_settings_files=off --write_settings_files=off SHT_cyclone4 -c SHT_cyclone4
quartus_asm --read_settings_files=off --write_settings_files=off SHT_cyclone4 -c SHT_cyclone4
quartus_sta SHT_cyclone4 -c SHT_cyclone4
quartus_eda --read_settings_files=off --write_settings_files=off SHT_cyclone4 -c SHT_cyclone4



